<?xml version="1.0" encoding="UTF-8"?>
<testsuite xmlns:xsi="http://www.w3.org/2001/XMLSchema-instance" xsi:noNamespaceSchemaLocation="https://maven.apache.org/surefire/maven-surefire-plugin/xsd/surefire-test-report.xsd" name="com.ki.models.PaymentTest" time="0.073" tests="4" errors="0" skipped="0" failures="0">
  <properties>
[...]
</properties>
  <testcase name="testIsSuccessful" classname="com.ki.models.PaymentTest" time="0.007"/>
  <testcase name="testPaymentFromCsvRow" classname="com.ki.models.PaymentTest" time="0.006"/>
  <testcase name="testIsSuccessfulDeclined" classname="com.ki.models.PaymentTest" time="0"/>
  <testcase name="testIsSuccessfulErrored" classname="com.ki.models.PaymentTest" time="0.001"/>
</testsuite>